# JRE version: Java(TM) SE Runtime Environment (7.0_60-b19) (build 1.7.0_60-b19)
# Java VM: Java HotSpot(TM) 64-Bit Server VM (24.60-b09 mixed mode linux-amd64 compressed oops)
Heap
 PSYoungGen      total 318464K, used 315201K [0x00000000ec300000, 0x0000000100000000, 0x0000000100000000)
  eden space 312832K, 99% used [0x00000000ec300000,0x00000000ff381d08,0x00000000ff480000)
  from space 5632K, 60% used [0x00000000ff480000,0x00000000ff7ce998,0x00000000ffa00000)
  to   space 5632K, 80% used [0x00000000ffa80000,0x00000000ffeecff0,0x0000000100000000)
 ParOldGen       total 40448K, used 10771K [0x00000000c4a00000, 0x00000000c7180000, 0x00000000ec300000)
  object space 40448K, 26% used [0x00000000c4a00000,0x00000000c5484cc8,0x00000000c7180000)
 PSPermGen       total 21504K, used 13460K [0x00000000bf800000, 0x00000000c0d00000, 0x00000000c4a00000)
  object space 21504K, 62% used [0x00000000bf800000,0x00000000c0525300,0x00000000c0d00000)
GC Heap History (10 events):
Event: 85,414 GC heap after
Heap after GC invocations=85 (full 0):
 PSYoungGen      total 318464K, used 3302K [0x00000000ec300000, 0x0000000100000000, 0x0000000100000000)
  eden space 312832K, 0% used [0x00000000ec300000,0x00000000ec300000,0x00000000ff480000)
  from space 5632K, 58% used [0x00000000ff480000,0x00000000ff7b9878,0x00000000ffa00000)
  to   space 5632K, 0% used [0x00000000ffa80000,0x00000000ffa80000,0x0000000100000000)
 ParOldGen       total 40448K, used 9646K [0x00000000c4a00000, 0x00000000c7180000, 0x00000000ec300000)
  object space 40448K, 23% used [0x00000000c4a00000,0x00000000c536b8c8,0x00000000c7180000)
 PSPermGen       total 21504K, used 13460K [0x00000000bf800000, 0x00000000c0d00000, 0x00000000c4a00000)
  object space 21504K, 62% used [0x00000000bf800000,0x00000000c0525300,0x00000000c0d00000)
}
Event: 85,515 GC heap before
{Heap before GC invocations=86 (full 0):
 PSYoungGen      total 318464K, used 316084K [0x00000000ec300000, 0x0000000100000000, 0x0000000100000000)
  eden space 312832K, 99% used [0x00000000ec300000,0x00000000ff473b08,0x00000000ff480000)
  from space 5632K, 58% used [0x00000000ff480000,0x00000000ff7b9878,0x00000000ffa00000)
  to   space 5632K, 0% used [0x00000000ffa80000,0x00000000ffa80000,0x0000000100000000)
 ParOldGen       total 40448K, used 9646K [0x00000000c4a00000, 0x00000000c7180000, 0x00000000ec300000)
  object space 40448K, 23% used [0x00000000c4a00000,0x00000000c536b8c8,0x00000000c7180000)
 PSPermGen       total 21504K, used 13460K [0x00000000bf800000, 0x00000000c0d00000, 0x00000000c4a00000)
  object space 21504K, 62% used [0x00000000bf800000,0x00000000c0525300,0x00000000c0d00000)
Event: 85,518 GC heap after
Heap after GC invocations=86 (full 0):
 PSYoungGen      total 317952K, used 5517K [0x00000000ec300000, 0x0000000100000000, 0x0000000100000000)
  eden space 312320K, 0% used [0x00000000ec300000,0x00000000ec300000,0x00000000ff400000)
  from space 5632K, 97% used [0x00000000ffa80000,0x00000000fffe3620,0x0000000100000000)
  to   space 6144K, 0% used [0x00000000ff400000,0x00000000ff400000,0x00000000ffa00000)
 ParOldGen       total 40448K, used 9646K [0x00000000c4a00000, 0x00000000c7180000, 0x00000000ec300000)
  object space 40448K, 23% used [0x00000000c4a00000,0x00000000c536b8c8,0x00000000c7180000)
 PSPermGen       total 21504K, used 13460K [0x00000000bf800000, 0x00000000c0d00000, 0x00000000c4a00000)
  object space 21504K, 62% used [0x00000000bf800000,0x00000000c0525300,0x00000000c0d00000)
}
Event: 85,616 GC heap before
{Heap before GC invocations=87 (full 0):
 PSYoungGen      total 317952K, used 315920K [0x00000000ec300000, 0x0000000100000000, 0x0000000100000000)
  eden space 312320K, 99% used [0x00000000ec300000,0x00000000ff220ba8,0x00000000ff400000)
  from space 5632K, 97% used [0x00000000ffa80000,0x00000000fffe3620,0x0000000100000000)
  to   space 6144K, 0% used [0x00000000ff400000,0x00000000ff400000,0x00000000ffa00000)
 ParOldGen       total 40448K, used 9646K [0x00000000c4a00000, 0x00000000c7180000, 0x00000000ec300000)
  object space 40448K, 23% used [0x00000000c4a00000,0x00000000c536b8c8,0x00000000c7180000)
 PSPermGen       total 21504K, used 13460K [0x00000000bf800000, 0x00000000c0d00000, 0x00000000c4a00000)
  object space 21504K, 62% used [0x00000000bf800000,0x00000000c0525300,0x00000000c0d00000)
Event: 85,617 GC heap after
Heap after GC invocations=87 (full 0):
 PSYoungGen      total 318464K, used 3344K [0x00000000ec300000, 0x00000000fff80000, 0x0000000100000000)
  eden space 312320K, 0% used [0x00000000ec300000,0x00000000ec300000,0x00000000ff400000)
  from space 6144K, 54% used [0x00000000ff400000,0x00000000ff744240,0x00000000ffa00000)
  to   space 5632K, 0% used [0x00000000ffa00000,0x00000000ffa00000,0x00000000fff80000)
 ParOldGen       total 40448K, used 9646K [0x00000000c4a00000, 0x00000000c7180000, 0x00000000ec300000)
  object space 40448K, 23% used [0x00000000c4a00000,0x00000000c536b8c8,0x00000000c7180000)
 PSPermGen       total 21504K, used 13460K [0x00000000bf800000, 0x00000000c0d00000, 0x00000000c4a00000)
  object space 21504K, 62% used [0x00000000bf800000,0x00000000c0525300,0x00000000c0d00000)
}
Event: 85,734 GC heap before
{Heap before GC invocations=88 (full 0):
 PSYoungGen      total 318464K, used 313505K [0x00000000ec300000, 0x00000000fff80000, 0x0000000100000000)
  eden space 312320K, 99% used [0x00000000ec300000,0x00000000ff1e4318,0x00000000ff400000)
  from space 6144K, 54% used [0x00000000ff400000,0x00000000ff744240,0x00000000ffa00000)
  to   space 5632K, 0% used [0x00000000ffa00000,0x00000000ffa00000,0x00000000fff80000)
 ParOldGen       total 40448K, used 9646K [0x00000000c4a00000, 0x00000000c7180000, 0x00000000ec300000)
  object space 40448K, 23% used [0x00000000c4a00000,0x00000000c536b8c8,0x00000000c7180000)
 PSPermGen       total 21504K, used 13460K [0x00000000bf800000, 0x00000000c0d00000, 0x00000000c4a00000)
  object space 21504K, 62% used [0x00000000bf800000,0x00000000c0525300,0x00000000c0d00000)
Event: 85,736 GC heap after
Heap after GC invocations=88 (full 0):
 PSYoungGen      total 318464K, used 3365K [0x00000000ec300000, 0x00000000fff80000, 0x0000000100000000)
  eden space 312832K, 0% used [0x00000000ec300000,0x00000000ec300000,0x00000000ff480000)
  from space 5632K, 59% used [0x00000000ffa00000,0x00000000ffd495e0,0x00000000fff80000)
  to   space 5632K, 0% used [0x00000000ff480000,0x00000000ff480000,0x00000000ffa00000)
 ParOldGen       total 40448K, used 9646K [0x00000000c4a00000, 0x00000000c7180000, 0x00000000ec300000)
  object space 40448K, 23% used [0x00000000c4a00000,0x00000000c536b8c8,0x00000000c7180000)
 PSPermGen       total 21504K, used 13460K [0x00000000bf800000, 0x00000000c0d00000, 0x00000000c4a00000)
  object space 21504K, 62% used [0x00000000bf800000,0x00000000c0525300,0x00000000c0d00000)
}
Event: 85,844 GC heap before
{Heap before GC invocations=89 (full 0):
 PSYoungGen      total 318464K, used 315478K [0x00000000ec300000, 0x00000000fff80000, 0x0000000100000000)
  eden space 312832K, 99% used [0x00000000ec300000,0x00000000ff3cc488,0x00000000ff480000)
  from space 5632K, 59% used [0x00000000ffa00000,0x00000000ffd495e0,0x00000000fff80000)
  to   space 5632K, 0% used [0x00000000ff480000,0x00000000ff480000,0x00000000ffa00000)
 ParOldGen       total 40448K, used 9646K [0x00000000c4a00000, 0x00000000c7180000, 0x00000000ec300000)
  object space 40448K, 23% used [0x00000000c4a00000,0x00000000c536b8c8,0x00000000c7180000)
 PSPermGen       total 21504K, used 13460K [0x00000000bf800000, 0x00000000c0d00000, 0x00000000c4a00000)
  object space 21504K, 62% used [0x00000000bf800000,0x00000000c0525300,0x00000000c0d00000)
Event: 85,846 GC heap after
Heap after GC invocations=89 (full 0):
 PSYoungGen      total 318464K, used 3386K [0x00000000ec300000, 0x0000000100000000, 0x0000000100000000)
  eden space 312832K, 0% used [0x00000000ec300000,0x00000000ec300000,0x00000000ff480000)
  from space 5632K, 60% used [0x00000000ff480000,0x00000000ff7ce998,0x00000000ffa00000)
  to   space 5632K, 0% used [0x00000000ffa80000,0x00000000ffa80000,0x0000000100000000)
 ParOldGen       total 40448K, used 9646K [0x00000000c4a00000, 0x00000000c7180000, 0x00000000ec300000)
  object space 40448K, 23% used [0x00000000c4a00000,0x00000000c536b8c8,0x00000000c7180000)
 PSPermGen       total 21504K, used 13460K [0x00000000bf800000, 0x00000000c0d00000, 0x00000000c4a00000)
  object space 21504K, 62% used [0x00000000bf800000,0x00000000c0525300,0x00000000c0d00000)
}
Event: 85,951 GC heap before
{Heap before GC invocations=90 (full 0):
 PSYoungGen      total 318464K, used 315201K [0x00000000ec300000, 0x0000000100000000, 0x0000000100000000)
  eden space 312832K, 99% used [0x00000000ec300000,0x00000000ff381d08,0x00000000ff480000)
  from space 5632K, 60% used [0x00000000ff480000,0x00000000ff7ce998,0x00000000ffa00000)
  to   space 5632K, 0% used [0x00000000ffa80000,0x00000000ffa80000,0x0000000100000000)
 ParOldGen       total 40448K, used 9646K [0x00000000c4a00000, 0x00000000c7180000, 0x00000000ec300000)
  object space 40448K, 23% used [0x00000000c4a00000,0x00000000c536b8c8,0x00000000c7180000)
 PSPermGen       total 21504K, used 13460K [0x00000000bf800000, 0x00000000c0d00000, 0x00000000c4a00000)
  object space 21504K, 62% used [0x00000000bf800000,0x00000000c0525300,0x00000000c0d00000)

